--------------------------------------------------------------------------------
Release 13.4 Trace  (nt)
Copyright (c) 1995-2011 Xilinx, Inc.  All rights reserved.

D:\installedise\ISE_DS\ISE\bin\nt\unwrapped\trce.exe -intstyle ise -v 3 -s 3 -n
3 -fastpaths -xml InstructionMEM.twx InstructionMEM.ncd -o InstructionMEM.twr
InstructionMEM.pcf

Design file:              InstructionMEM.ncd
Physical constraint file: InstructionMEM.pcf
Device,package,speed:     xc6slx4,tqg144,C,-3 (PRODUCTION 1.21 2012-01-07)
Report level:             verbose report

Environment Variable      Effect 
--------------------      ------ 
NONE                      No environment variables were set
--------------------------------------------------------------------------------

INFO:Timing:2698 - No timing constraints found, doing default enumeration.
INFO:Timing:3412 - To improve timing, see the Timing Closure User Guide (UG612).
INFO:Timing:2752 - To get complete path coverage, use the unconstrained paths 
   option. All paths that are not constrained will be reported in the 
   unconstrained paths section(s) of the report.
INFO:Timing:3339 - The clock-to-out numbers in this timing report are based on 
   a 50 Ohm transmission line loading model.  For the details of this model, 
   and for more information on accounting for different loading conditions, 
   please see the device datasheet.



Data Sheet report:
-----------------
All values displayed in nanoseconds (ns)

Setup/Hold to clock clk
------------+------------+------------+------------+------------+------------------+--------+
            |Max Setup to|  Process   |Max Hold to |  Process   |                  | Clock  |
Source      | clk (edge) |   Corner   | clk (edge) |   Corner   |Internal Clock(s) | Phase  |
------------+------------+------------+------------+------------+------------------+--------+
data<0>     |    3.140(R)|      SLOW  |   -1.491(R)|      FAST  |clk_BUFGP         |   0.000|
data<1>     |    1.988(R)|      SLOW  |   -0.676(R)|      SLOW  |clk_BUFGP         |   0.000|
data<2>     |    1.895(R)|      SLOW  |   -0.585(R)|      SLOW  |clk_BUFGP         |   0.000|
data<3>     |    2.170(R)|      SLOW  |   -0.848(R)|      SLOW  |clk_BUFGP         |   0.000|
data<4>     |    1.877(R)|      SLOW  |   -0.568(R)|      SLOW  |clk_BUFGP         |   0.000|
data<5>     |    1.852(R)|      SLOW  |   -0.543(R)|      SLOW  |clk_BUFGP         |   0.000|
data<6>     |    1.665(R)|      SLOW  |   -0.366(R)|      SLOW  |clk_BUFGP         |   0.000|
data<7>     |    1.750(R)|      SLOW  |   -0.446(R)|      SLOW  |clk_BUFGP         |   0.000|
data<8>     |    1.678(R)|      SLOW  |   -0.377(R)|      SLOW  |clk_BUFGP         |   0.000|
data<9>     |    1.683(R)|      SLOW  |   -0.381(R)|      SLOW  |clk_BUFGP         |   0.000|
data<10>    |    1.875(R)|      SLOW  |   -0.564(R)|      SLOW  |clk_BUFGP         |   0.000|
data<11>    |    1.971(R)|      SLOW  |   -0.657(R)|      SLOW  |clk_BUFGP         |   0.000|
data<12>    |    1.834(R)|      SLOW  |   -0.525(R)|      SLOW  |clk_BUFGP         |   0.000|
data<13>    |    1.965(R)|      SLOW  |   -0.652(R)|      SLOW  |clk_BUFGP         |   0.000|
data<14>    |    2.243(R)|      SLOW  |   -0.885(R)|      FAST  |clk_BUFGP         |   0.000|
data<15>    |    3.063(R)|      SLOW  |   -1.390(R)|      FAST  |clk_BUFGP         |   0.000|
data<16>    |    3.636(R)|      SLOW  |   -1.874(R)|      FAST  |clk_BUFGP         |   0.000|
data<17>    |    2.775(R)|      SLOW  |   -1.158(R)|      FAST  |clk_BUFGP         |   0.000|
data<18>    |    2.126(R)|      SLOW  |   -0.702(R)|      FAST  |clk_BUFGP         |   0.000|
data<19>    |    2.020(R)|      SLOW  |   -0.635(R)|      FAST  |clk_BUFGP         |   0.000|
data<20>    |    2.560(R)|      SLOW  |   -1.062(R)|      FAST  |clk_BUFGP         |   0.000|
data<21>    |    1.731(R)|      SLOW  |   -0.423(R)|      SLOW  |clk_BUFGP         |   0.000|
data<22>    |    1.693(R)|      SLOW  |   -0.388(R)|      SLOW  |clk_BUFGP         |   0.000|
data<23>    |    1.412(R)|      SLOW  |   -0.109(R)|      SLOW  |clk_BUFGP         |   0.000|
data<24>    |    1.479(R)|      SLOW  |   -0.185(R)|      SLOW  |clk_BUFGP         |   0.000|
data<25>    |    0.665(R)|      SLOW  |    0.597(R)|      SLOW  |clk_BUFGP         |   0.000|
data<26>    |    0.765(R)|      SLOW  |    0.503(R)|      SLOW  |clk_BUFGP         |   0.000|
data<27>    |    0.801(R)|      SLOW  |    0.467(R)|      SLOW  |clk_BUFGP         |   0.000|
data<28>    |    1.131(R)|      SLOW  |    0.154(R)|      SLOW  |clk_BUFGP         |   0.000|
data<29>    |    0.817(R)|      SLOW  |    0.452(R)|      SLOW  |clk_BUFGP         |   0.000|
data<30>    |    1.063(R)|      SLOW  |    0.219(R)|      SLOW  |clk_BUFGP         |   0.000|
data<31>    |    1.257(R)|      SLOW  |    0.024(R)|      SLOW  |clk_BUFGP         |   0.000|
wren        |    2.972(R)|      SLOW  |   -1.247(R)|      FAST  |clk_BUFGP         |   0.000|
------------+------------+------------+------------+------------+------------------+--------+

Clock clk to Pad
------------+-----------------+------------+-----------------+------------+------------------+--------+
            |Max (slowest) clk|  Process   |Min (fastest) clk|  Process   |                  | Clock  |
Destination |  (edge) to PAD  |   Corner   |  (edge) to PAD  |   Corner   |Internal Clock(s) | Phase  |
------------+-----------------+------------+-----------------+------------+------------------+--------+
dataout<0>  |        10.459(R)|      SLOW  |         5.835(R)|      FAST  |clk_BUFGP         |   0.000|
dataout<1>  |        10.475(R)|      SLOW  |         5.844(R)|      FAST  |clk_BUFGP         |   0.000|
dataout<2>  |        10.520(R)|      SLOW  |         5.895(R)|      FAST  |clk_BUFGP         |   0.000|
dataout<3>  |        10.360(R)|      SLOW  |         5.808(R)|      FAST  |clk_BUFGP         |   0.000|
dataout<4>  |        10.428(R)|      SLOW  |         5.820(R)|      FAST  |clk_BUFGP         |   0.000|
dataout<5>  |        10.434(R)|      SLOW  |         5.823(R)|      FAST  |clk_BUFGP         |   0.000|
dataout<6>  |        10.534(R)|      SLOW  |         5.895(R)|      FAST  |clk_BUFGP         |   0.000|
dataout<7>  |        10.491(R)|      SLOW  |         5.906(R)|      FAST  |clk_BUFGP         |   0.000|
dataout<8>  |        10.753(R)|      SLOW  |         6.068(R)|      FAST  |clk_BUFGP         |   0.000|
dataout<9>  |        10.629(R)|      SLOW  |         5.993(R)|      FAST  |clk_BUFGP         |   0.000|
dataout<10> |        10.680(R)|      SLOW  |         6.028(R)|      FAST  |clk_BUFGP         |   0.000|
dataout<11> |        10.732(R)|      SLOW  |         6.088(R)|      FAST  |clk_BUFGP         |   0.000|
dataout<12> |        10.929(R)|      SLOW  |         6.240(R)|      FAST  |clk_BUFGP         |   0.000|
dataout<13> |        11.123(R)|      SLOW  |         6.333(R)|      FAST  |clk_BUFGP         |   0.000|
dataout<14> |        10.783(R)|      SLOW  |         6.144(R)|      FAST  |clk_BUFGP         |   0.000|
dataout<15> |        11.085(R)|      SLOW  |         6.328(R)|      FAST  |clk_BUFGP         |   0.000|
dataout<16> |        11.081(R)|      SLOW  |         6.351(R)|      FAST  |clk_BUFGP         |   0.000|
dataout<17> |        11.060(R)|      SLOW  |         6.322(R)|      FAST  |clk_BUFGP         |   0.000|
dataout<18> |        11.524(R)|      SLOW  |         6.620(R)|      FAST  |clk_BUFGP         |   0.000|
dataout<19> |        11.151(R)|      SLOW  |         6.400(R)|      FAST  |clk_BUFGP         |   0.000|
dataout<20> |        11.509(R)|      SLOW  |         6.612(R)|      FAST  |clk_BUFGP         |   0.000|
dataout<21> |        11.343(R)|      SLOW  |         6.510(R)|      FAST  |clk_BUFGP         |   0.000|
dataout<22> |        11.764(R)|      SLOW  |         6.816(R)|      FAST  |clk_BUFGP         |   0.000|
dataout<23> |        11.403(R)|      SLOW  |         6.524(R)|      FAST  |clk_BUFGP         |   0.000|
dataout<24> |        11.149(R)|      SLOW  |         6.411(R)|      FAST  |clk_BUFGP         |   0.000|
dataout<25> |        11.133(R)|      SLOW  |         6.400(R)|      FAST  |clk_BUFGP         |   0.000|
dataout<26> |        11.207(R)|      SLOW  |         6.394(R)|      FAST  |clk_BUFGP         |   0.000|
dataout<27> |        11.240(R)|      SLOW  |         6.428(R)|      FAST  |clk_BUFGP         |   0.000|
dataout<28> |        10.994(R)|      SLOW  |         6.285(R)|      FAST  |clk_BUFGP         |   0.000|
dataout<29> |        10.894(R)|      SLOW  |         6.187(R)|      FAST  |clk_BUFGP         |   0.000|
dataout<30> |        10.731(R)|      SLOW  |         6.111(R)|      FAST  |clk_BUFGP         |   0.000|
dataout<31> |        10.844(R)|      SLOW  |         6.191(R)|      FAST  |clk_BUFGP         |   0.000|
------------+-----------------+------------+-----------------+------------+------------------+--------+


Analysis completed Thu Dec 06 17:38:20 2018 
--------------------------------------------------------------------------------

Trace Settings:
-------------------------
Trace Settings 

Peak Memory Usage: 140 MB



